<?xml version="1.0" encoding="UTF-8"?>
<!-- Generated by org.testng.reporters.JUnitXMLReporter -->
<testsuite ignored="0" hostname="DESKTOP-AR99L16" failures="1" tests="1" name="Bank Manager Login Test" time="3.806" errors="0" timestamp="30 May 2024 05:37:20 GMT">
  <testcase classname="com.ddf.TestCases.BankManagerLoginTest" name="loginAsBankManager" time="3.752">
    <failure type="java.lang.AssertionError" message="Login not successful">
      <![CDATA[java.lang.AssertionError: Login not successful
at com.ddf.TestCases.BankManagerLoginTest.loginAsBankManager(BankManagerLoginTest.java:29)
... Removed 26 stack frames]]>
    </failure>
  </testcase> <!-- loginAsBankManager -->
</testsuite> <!-- Bank Manager Login Test -->
