<?xml version="1.0" encoding="UTF-8"?>
<testng-results ignored="0" total="2" passed="2" failed="0" skipped="0">
  <reporter-output>
  </reporter-output>
  <suite started-at="2024-06-16T01:40:49Z" name="Data Driven Framework" finished-at="2024-06-16T01:40:58Z" duration-ms="8672">
    <groups>
    </groups>
    <test started-at="2024-06-16T01:40:49Z" name="Bank Manager Login Test" finished-at="2024-06-16T01:40:53Z" duration-ms="3933">
      <class name="com.ddf.TestCases.BankManagerLoginTest">
        <test-method signature="loginAsBankManager()[pri:0, instance:com.ddf.TestCases.BankManagerLoginTest@162be91c]" started-at="2024-06-16T01:40:49Z" name="loginAsBankManager" finished-at="2024-06-16T01:40:53Z" duration-ms="3897" status="PASS">
          <reporter-output>
          </reporter-output>
        </test-method> <!-- loginAsBankManager -->
      </class> <!-- com.ddf.TestCases.BankManagerLoginTest -->
    </test> <!-- Bank Manager Login Test -->
    <test started-at="2024-06-16T01:40:53Z" name="Add Customer Test" finished-at="2024-06-16T01:40:58Z" duration-ms="4675">
      <class name="com.ddf.TestCases.AddCustomerTest">
        <test-method is-config="true" signature="setUp()[pri:0, instance:com.ddf.TestCases.AddCustomerTest@3a320ade]" started-at="2024-06-16T01:40:43Z" name="setUp" finished-at="2024-06-16T01:40:49Z" duration-ms="5983" status="PASS">
          <reporter-output>
          </reporter-output>
        </test-method> <!-- setUp -->
        <test-method signature="addCustomer(java.lang.String, java.lang.String, java.lang.String, java.lang.String)[pri:0, instance:com.ddf.TestCases.AddCustomerTest@3a320ade]" started-at="2024-06-16T01:40:53Z" name="addCustomer" data-provider="getData" finished-at="2024-06-16T01:40:58Z" duration-ms="4641" status="PASS">
          <params>
            <param index="0">
              <value>
                <![CDATA[Test ]]>
              </value>
            </param>
            <param index="1">
              <value>
                <![CDATA[lastName]]>
              </value>
            </param>
            <param index="2">
              <value>
                <![CDATA[123pwd]]>
              </value>
            </param>
            <param index="3">
              <value>
                <![CDATA[Customer added successfully]]>
              </value>
            </param>
          </params>
          <reporter-output>
          </reporter-output>
        </test-method> <!-- addCustomer -->
        <test-method is-config="true" signature="tearDown()[pri:0, instance:com.ddf.TestCases.AddCustomerTest@3a320ade]" started-at="2024-06-16T01:40:58Z" name="tearDown" finished-at="2024-06-16T01:40:58Z" duration-ms="556" status="PASS">
          <reporter-output>
          </reporter-output>
        </test-method> <!-- tearDown -->
      </class> <!-- com.ddf.TestCases.AddCustomerTest -->
    </test> <!-- Add Customer Test -->
  </suite> <!-- Data Driven Framework -->
</testng-results>
