<?xml version="1.0" encoding="UTF-8"?>
<testng-results ignored="0" total="2" passed="2" failed="0" skipped="0">
  <reporter-output>
  </reporter-output>
  <suite started-at="2024-06-16T21:11:14 PDT" name="Data Driven Framework" finished-at="2024-06-16T21:11:23 PDT" duration-ms="8403">
    <groups>
    </groups>
    <test started-at="2024-06-16T21:11:14 PDT" name="Bank Manager Login Test" finished-at="2024-06-16T21:11:18 PDT" duration-ms="4025">
      <class name="com.ddf.TestCases.BankManagerLoginTest">
        <test-method signature="loginAsBankManager()[pri:0, instance:com.ddf.TestCases.BankManagerLoginTest@691939c9]" started-at="2024-06-16T21:11:15 PDT" name="loginAsBankManager" finished-at="2024-06-16T21:11:18 PDT" duration-ms="3962" status="PASS">
          <reporter-output>
          </reporter-output>
        </test-method> <!-- loginAsBankManager -->
      </class> <!-- com.ddf.TestCases.BankManagerLoginTest -->
    </test> <!-- Bank Manager Login Test -->
    <test started-at="2024-06-16T21:11:19 PDT" name="Add Customer Test" finished-at="2024-06-16T21:11:23 PDT" duration-ms="4330">
      <class name="com.ddf.TestCases.AddCustomerTest">
        <test-method is-config="true" signature="setUp()[pri:0, instance:com.ddf.TestCases.AddCustomerTest@15dcfae7]" started-at="2024-06-16T21:11:03 PDT" name="setUp" finished-at="2024-06-16T21:11:14 PDT" duration-ms="11450" status="PASS">
          <reporter-output>
          </reporter-output>
        </test-method> <!-- setUp -->
        <test-method signature="addCustomer(java.lang.String,java.lang.String,java.lang.String,java.lang.String)[pri:0, instance:com.ddf.TestCases.AddCustomerTest@15dcfae7]" started-at="2024-06-16T21:11:19 PDT" name="addCustomer" data-provider="getData" finished-at="2024-06-16T21:11:23 PDT" duration-ms="4302" status="PASS">
          <params>
            <param index="0">
              <value>
                <![CDATA[Test ]]>
              </value>
            </param>
            <param index="1">
              <value>
                <![CDATA[lastName]]>
              </value>
            </param>
            <param index="2">
              <value>
                <![CDATA[123pwd]]>
              </value>
            </param>
            <param index="3">
              <value>
                <![CDATA[Customer added successfully]]>
              </value>
            </param>
          </params>
          <reporter-output>
          </reporter-output>
        </test-method> <!-- addCustomer -->
        <test-method is-config="true" signature="tearDown()[pri:0, instance:com.ddf.TestCases.AddCustomerTest@15dcfae7]" started-at="2024-06-16T21:11:23 PDT" name="tearDown" finished-at="2024-06-16T21:11:23 PDT" duration-ms="483" status="PASS">
          <reporter-output>
          </reporter-output>
        </test-method> <!-- tearDown -->
      </class> <!-- com.ddf.TestCases.AddCustomerTest -->
    </test> <!-- Add Customer Test -->
  </suite> <!-- Data Driven Framework -->
</testng-results>
